INFO:Init Evolution
INFO:-step :25
INFO:pos: (-1.6086984, -16.678953, 2.5941644)
INFO:pos: (2.687454, -13.497757, 1.8132244)
INFO:pos: (0.439032, -3.6331973, -0.73656946)
INFO:pos: (-2.5852454, 6.9041057, 0.16635093)
INFO:-step :125
INFO:pos: (-0.71060014, -17.112286, -7.8676386)
INFO:pos: (2.7402632, -14.477166, -4.224125)
INFO:pos: (10.160864, -17.033134, -6.6614046)
INFO:pos: (14.0813465, -17.124945, -16.599981)
INFO:-step :225
INFO:pos: (10.322895, -17.320559, -16.925262)
INFO:pos: (13.468414, -16.266047, -11.771032)
INFO:pos: (23.840351, -16.531595, -13.085239)
INFO:pos: (33.951237, -16.795113, -16.282927)
INFO:-step :325
INFO:pos: (21.57156, -16.858902, -17.877935)
INFO:pos: (21.490393, -16.700708, -11.755423)
INFO:pos: (30.730713, -16.924952, -5.7887506)
INFO:pos: (40.487873, -15.552075, -1.4549867)
INFO:-step :425
INFO:pos: (27.911512, -16.235743, -12.226073)
INFO:pos: (25.084393, -16.385695, -7.081341)
INFO:pos: (30.652874, -16.974106, 2.347299)
INFO:pos: (37.80388, -17.815018, 10.404767)
INFO:-step :525
INFO:pos: (33.109768, -16.89191, -1.3848687)
INFO:pos: (27.846603, -16.56289, 1.160801)
INFO:pos: (26.505386, -17.12896, 12.061943)
INFO:pos: (27.338505, -17.051779, 22.794552)
INFO:-step :625
INFO:pos: (31.254114, -16.948946, 10.760888)
INFO:pos: (25.423416, -16.224861, 10.800116)
INFO:pos: (19.61278, -16.50738, 20.123182)
INFO:pos: (16.273853, -16.967363, 30.29171)
INFO:-step :725
INFO:pos: (31.969984, -15.616067, 21.008938)
INFO:pos: (26.562973, -17.422422, 18.195381)
INFO:pos: (16.912436, -17.738735, 23.456596)
INFO:pos: (9.20237, -17.700953, 30.775345)
INFO:-step :825
INFO:pos: (25.142332, -16.975485, 27.757505)
INFO:pos: (23.145216, -17.433996, 22.236998)
INFO:pos: (12.363059, -17.717022, 20.135078)
INFO:pos: (1.861689, -17.537148, 21.141666)
INFO:-step :925
INFO:pos: (14.558612, -16.501425, 25.21296)
INFO:pos: (16.02595, -16.382082, 19.578049)
INFO:pos: (8.37473, -16.907528, 11.709869)
INFO:pos: (-0.9173055, -17.36857, 6.896426)
INFO:-step :1025
INFO:pos: (2.4634352, -16.44465, 16.634838)
INFO:pos: (6.787142, -17.590656, 12.579455)
INFO:pos: (4.944498, -17.132399, 1.7345303)
INFO:pos: (-0.08811761, -17.139866, -7.3495455)
INFO:-step :1125
INFO:pos: (-0.44878307, -16.972918, 6.408742)
INFO:pos: (5.2321787, -16.40204, 6.321912)
INFO:pos: (11.269627, -17.425156, -2.7953482)
INFO:pos: (13.790357, -17.217184, -12.795936)
INFO:-step :1225
INFO:pos: (3.6586568, -16.014296, -8.726529)
INFO:pos: (7.4604983, -17.473696, -4.752202)
INFO:pos: (18.313354, -17.22019, -6.5031385)
INFO:pos: (27.134407, -17.636232, -11.673737)
INFO:-step :1325
INFO:pos: (13.982881, -17.115513, -11.670916)
INFO:pos: (12.697084, -17.047365, -5.6901913)
INFO:pos: (20.54609, -17.442947, 2.0067859)
INFO:pos: (29.97496, -17.58538, 5.7745934)
INFO:-step :1425
INFO:pos: (26.960655, -16.894867, -3.1135983)
INFO:pos: (21.928047, -16.324284, -0.17912863)
INFO:pos: (21.608315, -16.857975, 10.783014)
INFO:pos: (25.424381, -17.32813, 20.144423)
INFO:-step :1525
INFO:pos: (29.049673, -15.744739, 14.310993)
INFO:pos: (23.179867, -17.662754, 12.979778)
INFO:pos: (15.017879, -17.63033, 20.359385)
INFO:pos: (11.022722, -17.732353, 29.551598)
INFO:-step :1625
INFO:pos: (22.86972, -17.344032, 27.136557)
INFO:pos: (19.013668, -17.372978, 22.52055)
INFO:pos: (8.127057, -17.608255, 24.085829)
INFO:pos: (-0.08982867, -17.54732, 29.618721)
INFO:-step :1725
INFO:pos: (10.289758, -16.624907, 28.443693)
INFO:pos: (9.859717, -16.237946, 22.709723)
INFO:pos: (0.044790026, -16.738615, 17.770542)
INFO:pos: (-9.784215, -17.489267, 17.816198)
