#
# A fatal error has been detected by the Java Runtime Environment:
#
#  EXCEPTION_ACCESS_VIOLATION (0xc0000005) at pc=0x00007ffd7e16d85e, pid=12932, tid=0x0000000000000850
#
# JRE version: OpenJDK Runtime Environment (8.0_212-b04) (build 1.8.0_212-b04)
# Java VM: OpenJDK 64-Bit Server VM (25.212-b04 mixed mode windows-amd64 compressed oops)
# Problematic frame:
# C  [ig9icd64.dll+0x20d85e]
#
# Failed to write core dump. Minidumps are not enabled by default on client versions of Windows
#
# If you would like to submit a bug report, please visit:
#   
# The crash happened outside the Java Virtual Machine in native code.
# See problematic frame for where to report the bug.
#

---------------  T H R E A D  ---------------

Current thread (0x000001a7cd4e0000):  JavaThread "jME3 Main" [_thread_in_native, id=2128, stack(0x0000005d4d300000,0x0000005d4d400000)]

siginfo: ExceptionCode=0xc0000005, reading address 0x000001a9ff0c0000

Registers:
RAX=0x0000000000000000, RBX=0x000001a7cd779230, RCX=0x000001a7cd779230, RDX=0x000001a9ff0c0000
RSP=0x0000005d4d3fe320, RBP=0x0000005d4d3fe4a0, RSI=0x0000000000000000, RDI=0x000000000000007f
R8 =0x000001a7cd779480, R9 =0x00007ffd7df60000, R10=0x000001a7cd55e300, R11=0x0000005d4d3fe398
R12=0x000001a7cd779780, R13=0x000001a7cd77c4e0, R14=0x0000000000000001, R15=0x000001a7cd779230
RIP=0x00007ffd7e16d85e, EFLAGS=0x0000000000010246

Top of Stack: (sp=0x0000005d4d3fe320)
0x0000005d4d3fe320:   0000005d4d3fe370 00007ffd7dffe400
0x0000005d4d3fe330:   0010543d00000000 0000000000000000
0x0000005d4d3fe340:   0000000000000000 0010543d00000000
0x0000005d4d3fe350:   0000441c7a000004 0000000000000000
0x0000005d4d3fe360:   00000000001c75e4 00005eb999489027
0x0000005d4d3fe370:   000001a7cd779230 00005eb999489027
0x0000005d4d3fe380:   000001a7cd779230 000001a7cd7449c0
0x0000005d4d3fe390:   000000000000007f 00007ffd7dfe8f98
0x0000005d4d3fe3a0:   000001a7cd779480 000001a7cd779480
0x0000005d4d3fe3b0:   0000005d4d3fe4a0 0000000000000000
0x0000005d4d3fe3c0:   0000000000000000 0000000000000000
0x0000005d4d3fe3d0:   0000000000000000 0000000000000000
0x0000005d4d3fe3e0:   0000000000000000 0000000000000000
0x0000005d4d3fe3f0:   0000000000000000 000001a7cd779780
0x0000005d4d3fe400:   000001a7cd770c68 0000000000000000
0x0000005d4d3fe410:   0000000200000004 0000000000000001 

Instructions: (pc=0x00007ffd7e16d85e)
0x00007ffd7e16d83e:   41 8b 50 28 49 03 50 18 89 02 41 83 40 28 04 48
0x00007ffd7e16d84e:   8b 81 c8 02 00 00 48 8b 50 60 0f b6 41 34 f6 d8
0x00007ffd7e16d85e:   8b 02 1b c9 0f ba f0 15 81 e1 00 00 20 00 0b c8
0x00007ffd7e16d86e:   89 0a 8b 83 14 04 00 00 03 c0 33 42 08 83 e0 02 


Register to memory mapping:

RAX=0x0000000000000000 is an unknown value
RBX=0x000001a7cd779230 is an unknown value
RCX=0x000001a7cd779230 is an unknown value
RDX=0x000001a9ff0c0000 is an unknown value
RSP=0x0000005d4d3fe320 is pointing into the stack for thread: 0x000001a7cd4e0000
RBP=0x0000005d4d3fe4a0 is pointing into the stack for thread: 0x000001a7cd4e0000
RSI=0x0000000000000000 is an unknown value
RDI=0x000000000000007f is an unknown value
R8 =0x000001a7cd779480 is an unknown value
R9 =0x00007ffd7df60000 is an unknown value
R10=0x000001a7cd55e300 is an unknown value
R11=0x0000005d4d3fe398 is pointing into the stack for thread: 0x000001a7cd4e0000
R12=0x000001a7cd779780 is an unknown value
R13=0x000001a7cd77c4e0 is an unknown value
R14=0x0000000000000001 is an unknown value
R15=0x000001a7cd779230 is an unknown value


Stack: [0x0000005d4d300000,0x0000005d4d400000],  sp=0x0000005d4d3fe320,  free space=1016k
Native frames: (J=compiled Java code, j=interpreted, Vv=VM code, C=native code)
C  [ig9icd64.dll+0x20d85e]
C  [ig9icd64.dll+0x88f98]
C  [ig9icd64.dll+0x89c59]
C  [ig9icd64.dll+0x525877]
C  [ig9icd64.dll+0x522477]
C  [ig9icd64.dll+0x414349]
C  [ig9icd64.dll+0x20116d]
C  [ig9icd64.dll+0x996f53]
C  [ig9icd64.dll+0x421de2]
C  [lwjgl64.dll+0x9f4d]
C  0x000001a7b13c1bf9

Java frames: (J=compiled Java code, j=interpreted, Vv=VM code)
J 2299  org.lwjgl.opengl.GL12.nglDrawRangeElementsBO(IIIIIJJ)V (0 bytes) @ 0x000001a7b13c1b64 [0x000001a7b13c1b00+0x64]
J 5267 C2 com.jme3.renderer.opengl.GLRenderer.drawTriangleList(Lcom/jme3/scene/VertexBuffer;Lcom/jme3/scene/Mesh;I)V (500 bytes) @ 0x000001a7b1b209ac [0x000001a7b1b205c0+0x3ec]
J 2488 C2 com.jme3.renderer.opengl.GLRenderer.renderMeshDefault(Lcom/jme3/scene/Mesh;II[Lcom/jme3/scene/VertexBuffer;)V (242 bytes) @ 0x000001a7b144d910 [0x000001a7b144d660+0x2b0]
J 5246 C2 com.jme3.renderer.RenderManager.renderGeometry(Lcom/jme3/scene/Geometry;)V (241 bytes) @ 0x000001a7b18d62fc [0x000001a7b18d5ac0+0x83c]
J 3908 C2 com.jme3.renderer.RenderManager.renderViewPort(Lcom/jme3/renderer/ViewPort;F)V (620 bytes) @ 0x000001a7b0f35128 [0x000001a7b0f346c0+0xa68]
J 4637 C2 com.jme3.app.SimpleApplication.update()V (235 bytes) @ 0x000001a7b1315150 [0x000001a7b13138e0+0x1870]
J 4648 C2 com.jme3.system.lwjgl.LwjglDisplay.runLoop()V (108 bytes) @ 0x000001a7b156b1b8 [0x000001a7b156b0e0+0xd8]
J 4748% C2 com.jme3.system.lwjgl.LwjglAbstractDisplay.run()V (157 bytes) @ 0x000001a7b1949610 [0x000001a7b19495a0+0x70]
j  java.lang.Thread.run()V+11
v  ~StubRoutines::call_stub

---------------  P R O C E S S  ---------------

Java Threads: ( => current thread )
  0x000001a88749f800 JavaThread "pool-5871-thread-1" [_thread_blocked, id=16144, stack(0x0000005d4ce00000,0x0000005d4cf00000)]
  0x000001a88749f000 JavaThread "pool-5870-thread-1" [_thread_blocked, id=2956, stack(0x0000005d4b800000,0x0000005d4b900000)]
  0x000001a8874a2000 JavaThread "pool-5869-thread-1" [_thread_blocked, id=11372, stack(0x0000005d4b700000,0x0000005d4b800000)]
  0x000001a8874a0800 JavaThread "pool-5868-thread-1" [_thread_blocked, id=15836, stack(0x0000005d4b600000,0x0000005d4b700000)]
  0x000001a8874a1000 JavaThread "pool-5867-thread-1" [_thread_blocked, id=4448, stack(0x0000005d4d100000,0x0000005d4d200000)]
  0x000001a7cdc6c000 JavaThread "LWJGL Timer" daemon [_thread_blocked, id=3044, stack(0x0000005d4e000000,0x0000005d4e100000)]
  0x000001a7cdaf1800 JavaThread "pool-1-thread-1" [_thread_blocked, id=6884, stack(0x0000005d4da00000,0x0000005d4db00000)]
  0x000001a7cdb63800 JavaThread "jME3 Audio Decoder" daemon [_thread_blocked, id=1592, stack(0x0000005d4d900000,0x0000005d4da00000)]
  0x000001a7af1d1000 JavaThread "DestroyJavaVM" [_thread_blocked, id=14396, stack(0x0000005d4b900000,0x0000005d4ba00000)]
=>0x000001a7cd4e0000 JavaThread "jME3 Main" [_thread_in_native, id=2128, stack(0x0000005d4d300000,0x0000005d4d400000)]
  0x000001a7cc620800 JavaThread "TimerQueue" daemon [_thread_blocked, id=10648, stack(0x0000005d4d200000,0x0000005d4d300000)]
  0x000001a7cc548800 JavaThread "AWT-Windows" daemon [_thread_in_native, id=13136, stack(0x0000005d4cf00000,0x0000005d4d000000)]
  0x000001a7cc543000 JavaThread "Java2D Disposer" daemon [_thread_blocked, id=628, stack(0x0000005d4cd00000,0x0000005d4ce00000)]
  0x000001a7cbcf8800 JavaThread "Service Thread" daemon [_thread_blocked, id=11512, stack(0x0000005d4cb00000,0x0000005d4cc00000)]
  0x000001a7ca94f000 JavaThread "C1 CompilerThread3" daemon [_thread_blocked, id=12000, stack(0x0000005d4ca00000,0x0000005d4cb00000)]
  0x000001a7ca942000 JavaThread "C2 CompilerThread2" daemon [_thread_blocked, id=11968, stack(0x0000005d4c900000,0x0000005d4ca00000)]
  0x000001a7ca931800 JavaThread "C2 CompilerThread1" daemon [_thread_blocked, id=3384, stack(0x0000005d4c800000,0x0000005d4c900000)]
  0x000001a7ca92d000 JavaThread "C2 CompilerThread0" daemon [_thread_blocked, id=12548, stack(0x0000005d4c700000,0x0000005d4c800000)]
  0x000001a7ca92b800 JavaThread "Attach Listener" daemon [_thread_blocked, id=8372, stack(0x0000005d4c600000,0x0000005d4c700000)]
  0x000001a7ca92a800 JavaThread "Signal Dispatcher" daemon [_thread_blocked, id=9476, stack(0x0000005d4c500000,0x0000005d4c600000)]
  0x000001a7ca906800 JavaThread "Finalizer" daemon [_thread_blocked, id=14036, stack(0x0000005d4c400000,0x0000005d4c500000)]
  0x000001a7ca8fc000 JavaThread "Reference Handler" daemon [_thread_blocked, id=7892, stack(0x0000005d4c300000,0x0000005d4c400000)]

Other Threads:
  0x000001a7ca8d6000 VMThread [stack: 0x0000005d4c200000,0x0000005d4c300000] [id=11008]
  0x000001a7ca9a7800 WatcherThread [stack: 0x0000005d4cc00000,0x0000005d4cd00000] [id=992]

VM state:not at safepoint (normal execution)

VM Mutex/Monitor currently owned by a thread: None

heap address: 0x00000006c1e00000, size: 4066 MB, Compressed Oops mode: Zero based, Oop shift amount: 3
Narrow klass base: 0x0000000000000000, Narrow klass shift: 3
Compressed class space size: 1073741824 Address: 0x00000007c0000000

Heap:
 PSYoungGen      total 99840K, used 16724K [0x000000076b500000, 0x00000007ab500000, 0x00000007c0000000)
  eden space 99328K, 16% used [0x000000076b500000,0x000000076c525230,0x0000000771600000)
  from space 512K, 37% used [0x00000007ab480000,0x00000007ab4b0000,0x00000007ab500000)
  to   space 512K, 0% used [0x00000007ab400000,0x00000007ab400000,0x00000007ab480000)
 ParOldGen       total 163840K, used 149343K [0x00000006c1e00000, 0x00000006cbe00000, 0x000000076b500000)
  object space 163840K, 91% used [0x00000006c1e00000,0x00000006cafd7fb0,0x00000006cbe00000)
 Metaspace       used 21812K, capacity 22051K, committed 22400K, reserved 1069056K
  class space    used 2269K, capacity 2323K, committed 2432K, reserved 1048576K

Card table byte_map: [0x000001a7c00b0000,0x000001a7c08b0000] byte_map_base: 0x000001a7bcaa1000

Marking Bits: (ParMarkBitMap*) 0x0000000063191f50
 Begin Bits: [0x000001a7c0e00000, 0x000001a7c4d88000)
 End Bits:   [0x000001a7c4d88000, 0x000001a7c8d10000)

Polling page: 0x000001a7af180000

CodeCache: size=245760Kb used=13653Kb max_used=14902Kb free=232106Kb
 bounds [0x000001a7b0cf0000, 0x000001a7b1bb0000, 0x000001a7bfcf0000]
 total_blobs=4576 nmethods=3870 adapters=619
 compilation: enabled

Compilation events (10 events):
Event: 75104.721 Thread 0x000001a7ca942000 5376       4       java.util.concurrent.ThreadPoolExecutor::decrementWorkerCount (15 bytes)
Event: 75104.723 Thread 0x000001a7ca942000 nmethod 5376 0x000001a7b1253d90 code [0x000001a7b1253ec0, 0x000001a7b1253f78]
Event: 75150.931 Thread 0x000001a7ca92d000 5377   !   4       org.lwjgl.opengl.Sync::sync (125 bytes)
Event: 75150.958 Thread 0x000001a7ca92d000 nmethod 5377 0x000001a7b13fe510 code [0x000001a7b13fe720, 0x000001a7b13ff250]
Event: 75502.913 Thread 0x000001a7ca931800 5378       4       java.lang.ThreadLocal::setInitialValue (36 bytes)
Event: 75502.939 Thread 0x000001a7ca931800 nmethod 5378 0x000001a7b110de10 code [0x000001a7b110dfc0, 0x000001a7b110eab8]
Event: 75986.335 Thread 0x000001a7ca942000 5379   !   4       java.util.concurrent.ThreadPoolExecutor::processWorkerExit (138 bytes)
Event: 75986.353 Thread 0x000001a7ca942000 nmethod 5379 0x000001a7b15480d0 code [0x000001a7b15482c0, 0x000001a7b1548b70]
Event: 76826.112 Thread 0x000001a7ca92d000 5380       4       java.lang.ThreadLocal$ThreadLocalMap::cleanSomeSlots (60 bytes)
Event: 76826.121 Thread 0x000001a7ca92d000 nmethod 5380 0x000001a7b0f14a10 code [0x000001a7b0f14b60, 0x000001a7b0f14cc8]

GC Heap History (10 events):
Event: 77191.224 GC heap before
{Heap before GC invocations=364886 (full 88):
 PSYoungGen      total 116224K, used 115840K [0x000000076b500000, 0x00000007ab500000, 0x00000007c0000000)
  eden space 115712K, 100% used [0x000000076b500000,0x0000000772600000,0x0000000772600000)
  from space 512K, 25% used [0x00000007ab400000,0x00000007ab420000,0x00000007ab480000)
  to   space 512K, 0% used [0x00000007ab480000,0x00000007ab480000,0x00000007ab500000)
 ParOldGen       total 163840K, used 149239K [0x00000006c1e00000, 0x00000006cbe00000, 0x000000076b500000)
  object space 163840K, 91% used [0x00000006c1e00000,0x00000006cafbdfb0,0x00000006cbe00000)
 Metaspace       used 21812K, capacity 22051K, committed 22400K, reserved 1069056K
  class space    used 2269K, capacity 2323K, committed 2432K, reserved 1048576K
Event: 77191.225 GC heap after
Heap after GC invocations=364886 (full 88):
 PSYoungGen      total 112640K, used 160K [0x000000076b500000, 0x00000007ab500000, 0x00000007c0000000)
  eden space 112128K, 0% used [0x000000076b500000,0x000000076b500000,0x0000000772280000)
  from space 512K, 31% used [0x00000007ab480000,0x00000007ab4a8000,0x00000007ab500000)
  to   space 512K, 0% used [0x00000007ab400000,0x00000007ab400000,0x00000007ab480000)
 ParOldGen       total 163840K, used 149239K [0x00000006c1e00000, 0x00000006cbe00000, 0x000000076b500000)
  object space 163840K, 91% used [0x00000006c1e00000,0x00000006cafbdfb0,0x00000006cbe00000)
 Metaspace       used 21812K, capacity 22051K, committed 22400K, reserved 1069056K
  class space    used 2269K, capacity 2323K, committed 2432K, reserved 1048576K
}
Event: 77191.640 GC heap before
{Heap before GC invocations=364887 (full 88):
 PSYoungGen      total 112640K, used 112288K [0x000000076b500000, 0x00000007ab500000, 0x00000007c0000000)
  eden space 112128K, 100% used [0x000000076b500000,0x0000000772280000,0x0000000772280000)
  from space 512K, 31% used [0x00000007ab480000,0x00000007ab4a8000,0x00000007ab500000)
  to   space 512K, 0% used [0x00000007ab400000,0x00000007ab400000,0x00000007ab480000)
 ParOldGen       total 163840K, used 149239K [0x00000006c1e00000, 0x00000006cbe00000, 0x000000076b500000)
  object space 163840K, 91% used [0x00000006c1e00000,0x00000006cafbdfb0,0x00000006cbe00000)
 Metaspace       used 21812K, capacity 22051K, committed 22400K, reserved 1069056K
  class space    used 2269K, capacity 2323K, committed 2432K, reserved 1048576K
Event: 77191.642 GC heap after
Heap after GC invocations=364887 (full 88):
 PSYoungGen      total 109056K, used 160K [0x000000076b500000, 0x00000007ab500000, 0x00000007c0000000)
  eden space 108544K, 0% used [0x000000076b500000,0x000000076b500000,0x0000000771f00000)
  from space 512K, 31% used [0x00000007ab400000,0x00000007ab428000,0x00000007ab480000)
  to   space 512K, 0% used [0x00000007ab480000,0x00000007ab480000,0x00000007ab500000)
 ParOldGen       total 163840K, used 149287K [0x00000006c1e00000, 0x00000006cbe00000, 0x000000076b500000)
  object space 163840K, 91% used [0x00000006c1e00000,0x00000006cafc9fb0,0x00000006cbe00000)
 Metaspace       used 21812K, capacity 22051K, committed 22400K, reserved 1069056K
  class space    used 2269K, capacity 2323K, committed 2432K, reserved 1048576K
}
Event: 77192.026 GC heap before
{Heap before GC invocations=364888 (full 88):
 PSYoungGen      total 109056K, used 108704K [0x000000076b500000, 0x00000007ab500000, 0x00000007c0000000)
  eden space 108544K, 100% used [0x000000076b500000,0x0000000771f00000,0x0000000771f00000)
  from space 512K, 31% used [0x00000007ab400000,0x00000007ab428000,0x00000007ab480000)
  to   space 512K, 0% used [0x00000007ab480000,0x00000007ab480000,0x00000007ab500000)
 ParOldGen       total 163840K, used 149287K [0x00000006c1e00000, 0x00000006cbe00000, 0x000000076b500000)
  object space 163840K, 91% used [0x00000006c1e00000,0x00000006cafc9fb0,0x00000006cbe00000)
 Metaspace       used 21812K, capacity 22051K, committed 22400K, reserved 1069056K
  class space    used 2269K, capacity 2323K, committed 2432K, reserved 1048576K
Event: 77192.028 GC heap after
Heap after GC invocations=364888 (full 88):
 PSYoungGen      total 105984K, used 256K [0x000000076b500000, 0x00000007ab500000, 0x00000007c0000000)
  eden space 105472K, 0% used [0x000000076b500000,0x000000076b500000,0x0000000771c00000)
  from space 512K, 50% used [0x00000007ab480000,0x00000007ab4c0000,0x00000007ab500000)
  to   space 512K, 0% used [0x00000007ab400000,0x00000007ab400000,0x00000007ab480000)
 ParOldGen       total 163840K, used 149343K [0x00000006c1e00000, 0x00000006cbe00000, 0x000000076b500000)
  object space 163840K, 91% used [0x00000006c1e00000,0x00000006cafd7fb0,0x00000006cbe00000)
 Metaspace       used 21812K, capacity 22051K, committed 22400K, reserved 1069056K
  class space    used 2269K, capacity 2323K, committed 2432K, reserved 1048576K
}
Event: 77192.224 GC heap before
{Heap before GC invocations=364889 (full 88):
 PSYoungGen      total 105984K, used 105728K [0x000000076b500000, 0x00000007ab500000, 0x00000007c0000000)
  eden space 105472K, 100% used [0x000000076b500000,0x0000000771c00000,0x0000000771c00000)
  from space 512K, 50% used [0x00000007ab480000,0x00000007ab4c0000,0x00000007ab500000)
  to   space 512K, 0% used [0x00000007ab400000,0x00000007ab400000,0x00000007ab480000)
 ParOldGen       total 163840K, used 149343K [0x00000006c1e00000, 0x00000006cbe00000, 0x000000076b500000)
  object space 163840K, 91% used [0x00000006c1e00000,0x00000006cafd7fb0,0x00000006cbe00000)
 Metaspace       used 21812K, capacity 22051K, committed 22400K, reserved 1069056K
  class space    used 2269K, capacity 2323K, committed 2432K, reserved 1048576K
Event: 77192.226 GC heap after
Heap after GC invocations=364889 (full 88):
 PSYoungGen      total 102912K, used 192K [0x000000076b500000, 0x00000007ab500000, 0x00000007c0000000)
  eden space 102400K, 0% used [0x000000076b500000,0x000000076b500000,0x0000000771900000)
  from space 512K, 37% used [0x00000007ab400000,0x00000007ab430000,0x00000007ab480000)
  to   space 512K, 0% used [0x00000007ab480000,0x00000007ab480000,0x00000007ab500000)
 ParOldGen       total 163840K, used 149343K [0x00000006c1e00000, 0x00000006cbe00000, 0x000000076b500000)
  object space 163840K, 91% used [0x00000006c1e00000,0x00000006cafd7fb0,0x00000006cbe00000)
 Metaspace       used 21812K, capacity 22051K, committed 22400K, reserved 1069056K
  class space    used 2269K, capacity 2323K, committed 2432K, reserved 1048576K
}
Event: 77192.537 GC heap before
{Heap before GC invocations=364890 (full 88):
 PSYoungGen      total 102912K, used 102592K [0x000000076b500000, 0x00000007ab500000, 0x00000007c0000000)
  eden space 102400K, 100% used [0x000000076b500000,0x0000000771900000,0x0000000771900000)
  from space 512K, 37% used [0x00000007ab400000,0x00000007ab430000,0x00000007ab480000)
  to   space 512K, 0% used [0x00000007ab480000,0x00000007ab480000,0x00000007ab500000)
 ParOldGen       total 163840K, used 149343K [0x00000006c1e00000, 0x00000006cbe00000, 0x000000076b500000)
  object space 163840K, 91% used [0x00000006c1e00000,0x00000006cafd7fb0,0x00000006cbe00000)
 Metaspace       used 21812K, capacity 22051K, committed 22400K, reserved 1069056K
  class space    used 2269K, capacity 2323K, committed 2432K, reserved 1048576K
Event: 77192.539 GC heap after
Heap after GC invocations=364890 (full 88):
 PSYoungGen      total 99840K, used 192K [0x000000076b500000, 0x00000007ab500000, 0x00000007c0000000)
  eden space 99328K, 0% used [0x000000076b500000,0x000000076b500000,0x0000000771600000)
  from space 512K, 37% used [0x00000007ab480000,0x00000007ab4b0000,0x00000007ab500000)
  to   space 512K, 0% used [0x00000007ab400000,0x00000007ab400000,0x00000007ab480000)
 ParOldGen       total 163840K, used 149343K [0x00000006c1e00000, 0x00000006cbe00000, 0x000000076b500000)
  object space 163840K, 91% used [0x00000006c1e00000,0x00000006cafd7fb0,0x00000006cbe00000)
 Metaspace       used 21812K, capacity 22051K, committed 22400K, reserved 1069056K
  class space    used 2269K, capacity 2323K, committed 2432K, reserved 1048576K
}

Deoptimization events (10 events):
Event: 49784.093 Thread 0x000001a7cd4e0000 Uncommon trap: reason=unstable_if action=reinterpret pc=0x000001a7b19e1be4 method=com.jme3.export.binary.BinaryExporter.save(Lcom/jme3/export/Savable;Ljava/io/OutputStream;)V @ 777
Event: 49827.038 Thread 0x000001a7cd4e0000 Uncommon trap: reason=unstable_if action=reinterpret pc=0x000001a7b1b14700 method=com.jme3.math.Matrix4f.equals(Ljava/lang/Object;)Z @ 208
Event: 49827.171 Thread 0x000001a7cd4e0000 Uncommon trap: reason=unstable_if action=reinterpret pc=0x000001a7b1b74b08 method=com.jme3.math.Matrix4f.equals(Ljava/lang/Object;)Z @ 272
Event: 52280.173 Thread 0x000001a7cd4e0000 Uncommon trap: reason=unstable_if action=reinterpret pc=0x000001a7b11f3be4 method=mygame.Creature.compareTo(Ljava/lang/Object;)I @ 95
Event: 53663.346 Thread 0x000001a7cc548800 Uncommon trap: reason=class_check action=maybe_recompile pc=0x000001a7b16793a0 method=java.util.Collections$UnmodifiableCollection$1.<init>(Ljava/util/Collections$UnmodifiableCollection;)V @ 17
Event: 53663.348 Thread 0x000001a7cc548800 Uncommon trap: reason=class_check action=maybe_recompile pc=0x000001a7b16793a0 method=java.util.Collections$UnmodifiableCollection$1.<init>(Ljava/util/Collections$UnmodifiableCollection;)V @ 17
Event: 53663.348 Thread 0x000001a7cc548800 Uncommon trap: reason=class_check action=maybe_recompile pc=0x000001a7b16793a0 method=java.util.Collections$UnmodifiableCollection$1.<init>(Ljava/util/Collections$UnmodifiableCollection;)V @ 17
Event: 53663.348 Thread 0x000001a7cc548800 Uncommon trap: reason=class_check action=maybe_recompile pc=0x000001a7b16793a0 method=java.util.Collections$UnmodifiableCollection$1.<init>(Ljava/util/Collections$UnmodifiableCollection;)V @ 17
Event: 63362.196 Thread 0x000001a7cd4e0000 Uncommon trap: reason=unstable_if action=reinterpret pc=0x000001a7b1b8c420 method=com.jme3.math.Matrix4f.equals(Ljava/lang/Object;)Z @ 160
Event: 74976.586 Thread 0x000001a7cd4e0000 Uncommon trap: reason=unstable_if action=reinterpret pc=0x000001a7b14377cc method=org.lwjgl.opengl.Sync.sync(I)V @ 77

Classes redefined (0 events):
No events

Internal exceptions (10 events):
Event: 4.034 Thread 0x000001a7cd4e0000 Exception <a 'java/security/PrivilegedActionException'> (0x000000076c8c2a28) thrown at [C:\cygwin64\tmp\openjdk-jdk8u-windows-x64-hotspot\workspace\build\src\hotspot\src\share\vm\prims\jvm.cpp, line 1502]
Event: 4.034 Thread 0x000001a7cd4e0000 Exception <a 'java/security/PrivilegedActionException'> (0x000000076c8c7b48) thrown at [C:\cygwin64\tmp\openjdk-jdk8u-windows-x64-hotspot\workspace\build\src\hotspot\src\share\vm\prims\jvm.cpp, line 1502]
Event: 4.034 Thread 0x000001a7cd4e0000 Exception <a 'java/security/PrivilegedActionException'> (0x000000076c8c87a0) thrown at [C:\cygwin64\tmp\openjdk-jdk8u-windows-x64-hotspot\workspace\build\src\hotspot\src\share\vm\prims\jvm.cpp, line 1502]
Event: 4.034 Thread 0x000001a7cd4e0000 Exception <a 'java/security/PrivilegedActionException'> (0x000000076c8c93c8) thrown at [C:\cygwin64\tmp\openjdk-jdk8u-windows-x64-hotspot\workspace\build\src\hotspot\src\share\vm\prims\jvm.cpp, line 1502]
Event: 8.015 Thread 0x000001a7cd4e0000 Implicit null exception at 0x000001a7b16ec248 to 0x000001a7b16ec2b5
Event: 8.063 Thread 0x000001a7cd4e0000 Implicit null exception at 0x000001a7b14f2076 to 0x000001a7b14f3229
Event: 49781.585 Thread 0x000001a7cd4e0000 Exception <a 'sun/nio/fs/WindowsException'> (0x0000000777d1f0c0) thrown at [C:\cygwin64\tmp\openjdk-jdk8u-windows-x64-hotspot\workspace\build\src\hotspot\src\share\vm\prims\jni.cpp, line 710]
Event: 49781.592 Thread 0x000001a7cd4e0000 Implicit null exception at 0x000001a7b15fed22 to 0x000001a7b15ff1ad
Event: 49781.708 Thread 0x000001a7cd4e0000 Implicit null exception at 0x000001a7b186fb0e to 0x000001a7b187082d
Event: 49784.093 Thread 0x000001a7cd4e0000 Implicit null exception at 0x000001a7b19e144f to 0x000001a7b19e1b89

Events (10 events):
Event: 77191.223 Executing VM operation: ParallelGCFailedAllocation
Event: 77191.225 Executing VM operation: ParallelGCFailedAllocation done
Event: 77191.640 Executing VM operation: ParallelGCFailedAllocation
Event: 77191.642 Executing VM operation: ParallelGCFailedAllocation done
Event: 77192.026 Executing VM operation: ParallelGCFailedAllocation
Event: 77192.028 Executing VM operation: ParallelGCFailedAllocation done
Event: 77192.224 Executing VM operation: ParallelGCFailedAllocation
Event: 77192.226 Executing VM operation: ParallelGCFailedAllocation done
Event: 77192.537 Executing VM operation: ParallelGCFailedAllocation
Event: 77192.539 Executing VM operation: ParallelGCFailedAllocation done


Dynamic libraries:
0x00007ff755790000 - 0x00007ff7557ca000 	C:\jmonkeyplatform\jdk\bin\java.exe
0x00007ffdc5030000 - 0x00007ffdc5211000 	C:\Windows\SYSTEM32\ntdll.dll
0x00007ffdc2530000 - 0x00007ffdc25e1000 	C:\Windows\System32\KERNEL32.DLL
0x00007ffdc1690000 - 0x00007ffdc1903000 	C:\Windows\System32\KERNELBASE.dll
0x00007ffdc4f50000 - 0x00007ffdc4ff1000 	C:\Windows\System32\ADVAPI32.dll
0x00007ffdc44b0000 - 0x00007ffdc454e000 	C:\Windows\System32\msvcrt.dll
0x00007ffdc4a70000 - 0x00007ffdc4acb000 	C:\Windows\System32\sechost.dll
0x00007ffdc4620000 - 0x00007ffdc4744000 	C:\Windows\System32\RPCRT4.dll
0x00007ffdc4b50000 - 0x00007ffdc4ce0000 	C:\Windows\System32\USER32.dll
0x00007ffdc1440000 - 0x00007ffdc1460000 	C:\Windows\System32\win32u.dll
0x00007ffdc4ce0000 - 0x00007ffdc4d08000 	C:\Windows\System32\GDI32.dll
0x00007ffdc1ba0000 - 0x00007ffdc1d31000 	C:\Windows\System32\gdi32full.dll
0x00007ffdc1910000 - 0x00007ffdc19af000 	C:\Windows\System32\msvcp_win.dll
0x00007ffdc1460000 - 0x00007ffdc1558000 	C:\Windows\System32\ucrtbase.dll
0x00007ffd9e1a0000 - 0x00007ffd9e409000 	C:\Windows\WinSxS\amd64_microsoft.windows.common-controls_6595b64144ccf1df_6.0.17134.1365_none_d401d10f7c8e8b9b\COMCTL32.dll
0x00007ffdc2750000 - 0x00007ffdc2a71000 	C:\Windows\System32\combase.dll
0x00007ffdc1560000 - 0x00007ffdc15d9000 	C:\Windows\System32\bcryptPrimitives.dll
0x00007ffdc4eb0000 - 0x00007ffdc4edd000 	C:\Windows\System32\IMM32.DLL
0x000001a7b0b20000 - 0x000001a7b0b32000 	C:\Windows\System32\umppc11304.dll
0x00007ffda3970000 - 0x00007ffda3a5f000 	C:\jmonkeyplatform\jdk\jre\bin\msvcr120.dll
0x00007ffda8e20000 - 0x00007ffda8ec6000 	C:\jmonkeyplatform\jdk\jre\bin\msvcp120.dll
0x0000000062a10000 - 0x000000006320b000 	C:\jmonkeyplatform\jdk\jre\bin\server\jvm.dll
0x00007ffdc2520000 - 0x00007ffdc2528000 	C:\Windows\System32\PSAPI.DLL
0x00007ffda60a0000 - 0x00007ffda60a9000 	C:\Windows\SYSTEM32\WSOCK32.dll
0x00007ffdc4ee0000 - 0x00007ffdc4f4c000 	C:\Windows\System32\WS2_32.dll
0x00007ffdbef80000 - 0x00007ffdbefa3000 	C:\Windows\SYSTEM32\WINMM.dll
0x00007ffdc1140000 - 0x00007ffdc114a000 	C:\Windows\SYSTEM32\VERSION.dll
0x00007ffdbef50000 - 0x00007ffdbef7a000 	C:\Windows\SYSTEM32\WINMMBASE.dll
0x00007ffdc13f0000 - 0x00007ffdc1439000 	C:\Windows\System32\cfgmgr32.dll
0x00007ffdbb940000 - 0x00007ffdbb94f000 	C:\jmonkeyplatform\jdk\jre\bin\verify.dll
0x00007ffdbb050000 - 0x00007ffdbb078000 	C:\jmonkeyplatform\jdk\jre\bin\java.dll
0x00007ffdbb600000 - 0x00007ffdbb616000 	C:\jmonkeyplatform\jdk\jre\bin\zip.dll
0x00007ffdc3060000 - 0x00007ffdc44a5000 	C:\Windows\System32\SHELL32.dll
0x00007ffdc4550000 - 0x00007ffdc45f9000 	C:\Windows\System32\shcore.dll
0x00007ffdc1d40000 - 0x00007ffdc2450000 	C:\Windows\System32\windows.storage.dll
0x00007ffdc47b0000 - 0x00007ffdc4801000 	C:\Windows\System32\shlwapi.dll
0x00007ffdc13b0000 - 0x00007ffdc13c1000 	C:\Windows\System32\kernel.appcore.dll
0x00007ffdc1390000 - 0x00007ffdc13af000 	C:\Windows\System32\profapi.dll
0x00007ffdc1340000 - 0x00007ffdc138c000 	C:\Windows\System32\powrprof.dll
0x00007ffdc1330000 - 0x00007ffdc133a000 	C:\Windows\System32\FLTLIB.DLL
0x00007ffda6f20000 - 0x00007ffda70b5000 	C:\jmonkeyplatform\jdk\jre\bin\awt.dll
0x00007ffdc48b0000 - 0x00007ffdc4972000 	C:\Windows\System32\OLEAUT32.dll
0x00007ffdbed50000 - 0x00007ffdbeddb000 	C:\Windows\SYSTEM32\apphelp.dll
0x00007ffdbf5d0000 - 0x00007ffdbf668000 	C:\Windows\system32\uxtheme.dll
0x00007ffdc2a80000 - 0x00007ffdc2bf3000 	C:\Windows\System32\MSCTF.dll
0x00007ffdbf6b0000 - 0x00007ffdbf6d9000 	C:\Windows\system32\dwmapi.dll
0x00007ffdc25f0000 - 0x00007ffdc2741000 	C:\Windows\System32\ole32.dll
0x00007ffda7e70000 - 0x00007ffda7f90000 	C:\Windows\system32\opengl32.dll
0x00007ffda7d40000 - 0x00007ffda7d6c000 	C:\Windows\SYSTEM32\GLU32.dll
0x00007ffdaa830000 - 0x00007ffdaa8c3000 	C:\jmonkeyplatform\jdk\jre\bin\freetype.dll
0x00007ffda3a60000 - 0x00007ffda3b1c000 	C:\jmonkeyplatform\jdk\jre\bin\fontmanager.dll
0x00007ffdbb580000 - 0x00007ffdbb59a000 	C:\jmonkeyplatform\jdk\jre\bin\net.dll
0x00007ffdac9d0000 - 0x00007ffdacb9b000 	C:\Windows\SYSTEM32\urlmon.dll
0x00007ffdb1210000 - 0x00007ffdb14b7000 	C:\Windows\SYSTEM32\iertutil.dll
0x00007ffdc0cd0000 - 0x00007ffdc0cdb000 	C:\Windows\SYSTEM32\CRYPTBASE.DLL
0x00007ffdc0b00000 - 0x00007ffdc0b66000 	C:\Windows\system32\mswsock.dll
0x00007ffdbafd0000 - 0x00007ffdbafe2000 	C:\jmonkeyplatform\jdk\jre\bin\nio.dll
0x00007ffd9fdb0000 - 0x00007ffd9fe46000 	C:\Windows\System32\TextInputFramework.dll
0x00007ffdba530000 - 0x00007ffdba84e000 	C:\Windows\System32\CoreUIComponents.dll
0x00007ffdbe770000 - 0x00007ffdbe84a000 	C:\Windows\System32\CoreMessaging.dll
0x00007ffdc0370000 - 0x00007ffdc03a1000 	C:\Windows\SYSTEM32\ntmarta.dll
0x00007ffdbcd70000 - 0x00007ffdbcebd000 	C:\Windows\SYSTEM32\wintypes.dll
0x00007ffd933f0000 - 0x00007ffd93aac000 	C:\jmonkeyp\MJTest\bulletjme.dll
0x000001a7ccb40000 - 0x000001a7ccba4000 	C:\jmonkeyp\MJTest\OpenAL64.dll
0x000001a7cf710000 - 0x000001a7cf763000 	C:\jmonkeyp\MJTest\lwjgl64.dll
0x00007ffd7df60000 - 0x00007ffd7ee77000 	C:\Windows\System32\DriverStore\FileRepository\iigd_dch.inf_amd64_cbd42a415845f91a\ig9icd64.dll
0x00007ffdc0070000 - 0x00007ffdc012b000 	C:\Windows\system32\dxgi.dll
0x00007ffdb6d10000 - 0x00007ffdb6eb4000 	C:\Windows\System32\DriverStore\FileRepository\iigd_dch.inf_amd64_cbd42a415845f91a\igdgmm64.dll
0x00007ffd8f090000 - 0x00007ffd8f138000 	C:\Windows\SYSTEM32\mscms.dll
0x00007ffdc1260000 - 0x00007ffdc1288000 	C:\Windows\SYSTEM32\USERENV.dll
0x00007ffd8cae0000 - 0x00007ffd8caf0000 	C:\Windows\SYSTEM32\ColorAdapterClient.dll
0x00007ffda99e0000 - 0x00007ffda9a23000 	C:\Windows\SYSTEM32\icm32.dll
0x00007ffd941f0000 - 0x00007ffd9454b000 	C:\Windows\System32\DriverStore\FileRepository\iigd_dch.inf_amd64_cbd42a415845f91a\igdml64.dll
0x00007ffdb45b0000 - 0x00007ffdb6bb4000 	C:\Windows\System32\DriverStore\FileRepository\iigd_dch.inf_amd64_cbd42a415845f91a\igc64.dll
0x00007ffdc4810000 - 0x00007ffdc48b0000 	C:\Windows\System32\clbcatq.dll
0x00007ffdb8230000 - 0x00007ffdb82a6000 	C:\Windows\System32\MMDevApi.dll
0x00007ffdc10f0000 - 0x00007ffdc1117000 	C:\Windows\System32\DEVOBJ.dll
0x00007ffdbf0a0000 - 0x00007ffdbf255000 	C:\Windows\System32\PROPSYS.dll
0x00007ffd81190000 - 0x00007ffd8121f000 	C:\Windows\SYSTEM32\dsound.dll
0x00007ffd9b020000 - 0x00007ffd9b14c000 	C:\Windows\SYSTEM32\AUDIOSES.DLL
0x00007ffdbb9f0000 - 0x00007ffdbb9fa000 	C:\Windows\SYSTEM32\AVRT.dll
0x00007ffdbc240000 - 0x00007ffdbc26a000 	C:\jmonkeyplatform\jdk\jre\bin\jpeg.dll
0x00007ffda9940000 - 0x00007ffda997e000 	C:\jmonkeyplatform\jdk\jre\bin\lcms.dll
0x00007ffdbfcf0000 - 0x00007ffdbfeb9000 	C:\Windows\SYSTEM32\dbghelp.dll

VM Arguments:
jvm_args: -Dfile.encoding=UTF-8 
java_command: mygame.MJEnvironmentMain
java_class_path (initial): C:\jmonkeyp\MJTest\libs\Heart-5.4.0.jar;C:\jmonkeyp\MJTest\libs\core.jar;C:\jmonkeyp\MJTest\libs\decimal4j-1.0.3.jar;C:\jmonkeyp\MJTest\libs\dense64.jar;C:\jmonkeyp\MJTest\libs\denseC64.jar;C:\jmonkeyp\MJTest\libs\gluegen-rt-main.jar;C:\jmonkeyp\MJTest\libs\gluegen-rt-natives-android-aarch64.jar;C:\jmonkeyp\MJTest\libs\gluegen-rt-natives-android-armv6.jar;C:\jmonkeyp\MJTest\libs\Minie-1.7.0+debug.jar;C:\jmonkeyp\MJTest\libs\gluegen-rt-natives-linux-amd64.jar;C:\jmonkeyp\MJTest\libs\gluegen-rt-natives-linux-armv6.jar;C:\jmonkeyp\MJTest\libs\gluegen-rt-natives-linux-armv6hf.jar;C:\jmonkeyp\MJTest\libs\gluegen-rt-natives-linux-i586.jar;C:\jmonkeyp\MJTest\libs\gluegen-rt-natives-macosx-universal.jar;C:\jmonkeyp\MJTest\libs\gluegen-rt-natives-solaris-amd64.jar;C:\jmonkeyp\MJTest\libs\gluegen-rt-natives-solaris-i586.jar;C:\jmonkeyp\MJTest\libs\gluegen-rt-natives-windows-amd64.jar;C:\jmonkeyp\MJTest\libs\gluegen-rt-natives-windows-i586.jar;C:\jmonkeyp\MJTest\libs\gluegen-rt.jar;C:\jmonkeyp\MJTest\libs\gson.jar;C:\jmonkeyp\MJTest\libs\jinput-platform-natives-linux.jar;C:\jmonkeyp\MJTest\libs\jinput-platform-natives-osx.jar;C:\jmonkeyp\MJTest\libs\jinput-platform-natives-windows.jar;C:\jmonkeyp\MJTest\libs\jinput.jar;C:\jmonkeyp\MJTest\libs\jme3-blender.jar;C:\jmonkeyp\MJTest\libs\jme3-bullet-native.jar;C:\jmonkeyp\MJTest\libs\jme3-bullet.jar;C:\jmonkeyp\MJTest\libs\jme3-core.jar;C:\jmonkeyp\MJTest\libs\jme3-desktop.jar;C:\jmonkeyp\MJTest\libs\jme3-effects.jar;C:\jmonkeyp\MJTest\libs\jme3-jogg.jar;C:\jmonkeyp\MJTest\libs\jme3-jogl.jar;C:\jmonkeyp\MJTest\libs\jme3-lwjgl.jar;C:\jmonkeyp\MJTest\libs\jme3-networking.jar;C:\jmonkeyp\MJTest\libs\jme3-niftygui.jar;C:\jmonkeyp\MJTest\libs\jme3-plugins.jar;C:\jmonkeyp\MJTest\libs\jme3-terrain.jar;C:\jmonkeyp\MJTest\libs\jme3-testdata.jar;C:\jmonkeyp\MJTest\libs\joal.jar;C:\jmonkeyp\MJTest\libs\j-ogg-all.jar;C:\jmonkeyp\MJTest\libs\joal-main.jar;C:\jmonkeyp\MJTest\libs\joal-natives-android-aarch64.jar;C:\j
Launcher Type: SUN_STANDARD

Environment Variables:
PATH=C:\Program Files (x86)\Common Files\Oracle\Java\javapath;C:\Windows\system32;C:\Windows;C:\Windows\System32\Wbem;C:\Windows\System32\WindowsPowerShell\v1.0\;C:\Windows\System32\OpenSSH\;C:\Program Files (x86)\Intel\Intel(R) Management Engine Components\DAL;C:\Program Files\Intel\Intel(R) Management Engine Components\DAL;C:\Program Files\dotnet\;C:\Program Files\Microsoft SQL Server\130\Tools\Binn\;C:\Users\cristian.villalba\AppData\Roaming\nvm;C:\Program Files\nodejs;c:\wspan\swgw;C:\Program Files\Intel\WiFi\bin\;C:\Program Files\Common Files\Intel\WirelessCommon\;C:\Users\cristian.villalba\AppData\Roaming\Python\Python37\Scripts;C:\ProgramData\chocolatey\bin;C:\Program Files\Git\cmd;C:\Program Files\Microsoft SQL Server\Client SDK\ODBC\170\Tools\Binn\;C:\Program Files\Microsoft SQL Server\Client SDK\ODBC\110\Tools\Binn\;c:\ffmpeg\bin\;C:\Program Files (x86)\Windows Kits\10\Windows Performance Toolkit\;C:\Program Files (x86)\Windows Live\Shared;C:\Users\cristian.villalba\AppData\Local\Microsoft\WindowsApps;C:\Users\cristian.villalba\AppData\Roaming\nvm;C:\Program Files\nodejs;C:\Users\cristian.villalba\AppData\Local\Programs\Microsoft VS Code\bin
USERNAME=Cristian.Villalba
OS=Windows_NT
PROCESSOR_IDENTIFIER=Intel64 Family 6 Model 142 Stepping 10, GenuineIntel



---------------  S Y S T E M  ---------------

OS: Windows 10.0 , 64 bit Build 17134 (10.0.17134.753)

CPU:total 8 (initial active 8) (4 cores per cpu, 2 threads per core) family 6 model 142 stepping 10, cmov, cx8, fxsr, mmx, sse, sse2, sse3, ssse3, sse4.1, sse4.2, popcnt, avx, avx2, aes, clmul, erms, rtm, 3dnowpref, lzcnt, ht, tsc, tscinvbit, bmi1, bmi2, adx

Memory: 4k page, physical 16653484k(8319112k free), swap 27051572k(10132480k free)

vm_info: OpenJDK 64-Bit Server VM (25.212-b04) for windows-amd64 JRE (1.8.0_212-b04), built on Jun  3 2019 21:11:11 by "jenkins" with MS VC++ 12.0 (VS2013)

time: Wed Jun 17 16:47:58 2020
timezone: Argentina Standard Time
elapsed time: 77199 seconds (0d 21h 26m 39s)

