#
# A fatal error has been detected by the Java Runtime Environment:
#
#  Internal Error (os_windows_x86.cpp:144), pid=23116, tid=0x0000000000004070
#  guarantee(result == EXCEPTION_CONTINUE_EXECUTION) failed: Unexpected result from topLevelExceptionFilter
#
# JRE version: OpenJDK Runtime Environment (8.0_212-b04) (build 1.8.0_212-b04)
# Java VM: OpenJDK 64-Bit Server VM (25.212-b04 mixed mode windows-amd64 compressed oops)
# Failed to write core dump. Minidumps are not enabled by default on client versions of Windows
#
# If you would like to submit a bug report, please visit:
#   
# The crash happened outside the Java Virtual Machine in native code.
# See problematic frame for where to report the bug.
#

---------------  T H R E A D  ---------------

Current thread (0x000002f2af135800):  JavaThread "jME3 Main" [_thread_in_native, id=16496, stack(0x000000f4f5100000,0x000000f4f5200000)]

Stack: [0x000000f4f5100000,0x000000f4f5200000]
[error occurred during error reporting (printing stack bounds), id 0xc0000005]

Native frames: (J=compiled Java code, j=interpreted, Vv=VM code, C=native code)

Java frames: (J=compiled Java code, j=interpreted, Vv=VM code)
j  com.jme3.bullet.joints.New6Dof.createDoubleEnded(JJLcom/jme3/math/Vector3f;Lcom/jme3/math/Matrix3f;Lcom/jme3/math/Vector3f;Lcom/jme3/math/Matrix3f;I)J+0
j  com.jme3.bullet.joints.New6Dof.createConstraint()V+280
j  com.jme3.bullet.joints.New6Dof.<init>(Lcom/jme3/bullet/objects/PhysicsRigidBody;Lcom/jme3/bullet/objects/PhysicsRigidBody;Lcom/jme3/math/Vector3f;Lcom/jme3/math/Vector3f;Lcom/jme3/math/Matrix3f;Lcom/jme3/math/Matrix3f;Lcom/jme3/bullet/RotationOrder;)V+34
j  mygame.MJNode.ConnectJoints(Lmygame/MJNode;)V+113
j  mygame.MJNode.RandomizeChild(Lcom/jme3/material/Material;Lcom/jme3/bullet/BulletAppState;Lcom/jme3/scene/Node;IZLjava/util/ArrayList;)V+97
j  mygame.Creature.BuildRand(Lcom/jme3/material/Material;Lcom/jme3/material/Material;Lcom/jme3/scene/Node;Lcom/jme3/bullet/MultiBodyAppState;)V+80
j  mygame.MJEnvironmentMain.SpawnCreature()Lmygame/Creature;+32
j  mygame.MJEnvironmentMain.initEnv()V+11
j  mygame.MJEnvironmentMain.simpleInitApp()V+103
j  com.jme3.app.SimpleApplication.initialize()V+282
j  com.jme3.system.lwjgl.LwjglAbstractDisplay.initInThread()Z+97
j  com.jme3.system.lwjgl.LwjglAbstractDisplay.run()V+36
j  java.lang.Thread.run()V+11
v  ~StubRoutines::call_stub

---------------  P R O C E S S  ---------------

Java Threads: ( => current thread )
  0x000002f2b04a0800 JavaThread "pool-2-thread-1" [_thread_blocked, id=14280, stack(0x000000f4f5900000,0x000000f4f5a00000)]
  0x000002f2b0454000 JavaThread "pool-1-thread-1" [_thread_blocked, id=12300, stack(0x000000f4f5800000,0x000000f4f5900000)]
  0x000002f2b043c800 JavaThread "jME3 Audio Decoder" daemon [_thread_blocked, id=20788, stack(0x000000f4f5700000,0x000000f4f5800000)]
  0x000002f291bf1000 JavaThread "DestroyJavaVM" [_thread_blocked, id=18788, stack(0x000000f4f3700000,0x000000f4f3800000)]
=>0x000002f2af135800 JavaThread "jME3 Main" [_thread_in_native, id=16496, stack(0x000000f4f5100000,0x000000f4f5200000)]
  0x000002f2aeef0800 JavaThread "TimerQueue" daemon [_thread_blocked, id=19664, stack(0x000000f4f5000000,0x000000f4f5100000)]
  0x000002f2aefb9800 JavaThread "Image Fetcher 0" daemon [_thread_blocked, id=22792, stack(0x000000f4f4f00000,0x000000f4f5000000)]
  0x000002f2aee3d800 JavaThread "AWT-EventQueue-0" [_thread_blocked, id=20856, stack(0x000000f4f4e00000,0x000000f4f4f00000)]
  0x000002f2aed5e000 JavaThread "AWT-Windows" daemon [_thread_in_native, id=1668, stack(0x000000f4f4d00000,0x000000f4f4e00000)]
  0x000002f2aee55000 JavaThread "AWT-Shutdown" [_thread_blocked, id=21744, stack(0x000000f4f4c00000,0x000000f4f4d00000)]
  0x000002f2aee54000 JavaThread "Java2D Disposer" daemon [_thread_blocked, id=19164, stack(0x000000f4f4b00000,0x000000f4f4c00000)]
  0x000002f2ac7c9800 JavaThread "Service Thread" daemon [_thread_blocked, id=8348, stack(0x000000f4f4900000,0x000000f4f4a00000)]
  0x000002f2ac764000 JavaThread "C1 CompilerThread3" daemon [_thread_blocked, id=22004, stack(0x000000f4f4800000,0x000000f4f4900000)]
  0x000002f2ac75f000 JavaThread "C2 CompilerThread2" daemon [_thread_blocked, id=23140, stack(0x000000f4f4700000,0x000000f4f4800000)]
  0x000002f2ac759800 JavaThread "C2 CompilerThread1" daemon [_thread_blocked, id=10644, stack(0x000000f4f4600000,0x000000f4f4700000)]
  0x000002f2ac754000 JavaThread "C2 CompilerThread0" daemon [_thread_blocked, id=17764, stack(0x000000f4f4500000,0x000000f4f4600000)]
  0x000002f2ac751800 JavaThread "Attach Listener" daemon [_thread_blocked, id=15500, stack(0x000000f4f4400000,0x000000f4f4500000)]
  0x000002f2ac74c800 JavaThread "Signal Dispatcher" daemon [_thread_blocked, id=10544, stack(0x000000f4f4300000,0x000000f4f4400000)]
  0x000002f2ac728000 JavaThread "Finalizer" daemon [_thread_blocked, id=22484, stack(0x000000f4f4200000,0x000000f4f4300000)]
  0x000002f2ac71d000 JavaThread "Reference Handler" daemon [_thread_blocked, id=12436, stack(0x000000f4f4100000,0x000000f4f4200000)]

Other Threads:
  0x000002f2ac6f5800 VMThread [stack: 0x000000f4f4000000,0x000000f4f4100000] [id=1344]
  0x000002f2ac7cb800 WatcherThread [stack: 0x000000f4f4a00000,0x000000f4f4b00000] [id=17768]

VM state:not at safepoint (normal execution)

VM Mutex/Monitor currently owned by a thread: None

heap address: 0x00000006c1e00000, size: 4066 MB, Compressed Oops mode: Zero based, Oop shift amount: 3
Narrow klass base: 0x0000000000000000, Narrow klass shift: 3
Compressed class space size: 1073741824 Address: 0x00000007c0000000

Heap:
 PSYoungGen      total 76288K, used 41172K [0x000000076b500000, 0x0000000770a00000, 0x00000007c0000000)
  eden space 65536K, 62% used [0x000000076b500000,0x000000076dd352e0,0x000000076f500000)
  from space 10752K, 0% used [0x000000076ff80000,0x000000076ff80000,0x0000000770a00000)
  to   space 10752K, 0% used [0x000000076f500000,0x000000076f500000,0x000000076ff80000)
 ParOldGen       total 175104K, used 5395K [0x00000006c1e00000, 0x00000006cc900000, 0x000000076b500000)
  object space 175104K, 3% used [0x00000006c1e00000,0x00000006c2344c10,0x00000006cc900000)
 Metaspace       used 19110K, capacity 19333K, committed 19712K, reserved 1067008K
  class space    used 2157K, capacity 2230K, committed 2304K, reserved 1048576K

Card table byte_map: [0x000002f2a2870000,0x000002f2a3070000] byte_map_base: 0x000002f29f261000

Marking Bits: (ParMarkBitMap*) 0x000000006bd41f50
 Begin Bits: [0x000002f2a35c0000, 0x000002f2a7548000)
 End Bits:   [0x000002f2a7548000, 0x000002f2ab4d0000)

Polling page: 0x000002f291b50000

CodeCache: size=245760Kb used=4982Kb max_used=4982Kb free=240777Kb
 bounds [0x000002f2934b0000, 0x000002f2939a0000, 0x000002f2a24b0000]
 total_blobs=2193 nmethods=1542 adapters=564
 compilation: enabled

Compilation events (10 events):
Event: 4.164 Thread 0x000002f2ac764000 1539       3       sun.misc.URLClassPath$JarLoader$2::getInputStream (15 bytes)
Event: 4.164 Thread 0x000002f2ac764000 nmethod 1539 0x000002f29398bd50 code [0x000002f29398bec0, 0x000002f29398c110]
Event: 4.164 Thread 0x000002f2ac764000 1540       3       sun.misc.URLClassPath$JarLoader$2::getContentLength (9 bytes)
Event: 4.165 Thread 0x000002f2ac764000 nmethod 1540 0x000002f29398eed0 code [0x000002f29398f040, 0x000002f29398f298]
Event: 4.165 Thread 0x000002f2ac764000 1541       3       sun.misc.URLClassPath$JarLoader$2::getCodeSigners (8 bytes)
Event: 4.165 Thread 0x000002f2ac764000 nmethod 1541 0x000002f29398f350 code [0x000002f29398f4c0, 0x000002f29398f6f0]
Event: 4.165 Thread 0x000002f2ac764000 1542   !   3       java.util.jar.JarFile$JarFileEntry::getCodeSigners (78 bytes)
Event: 4.165 Thread 0x000002f2ac764000 nmethod 1542 0x000002f29398f790 code [0x000002f29398f960, 0x000002f293990040]
Event: 4.165 Thread 0x000002f2ac764000 1543       3       java.util.jar.JarFile::access$200 (5 bytes)
Event: 4.165 Thread 0x000002f2ac764000 nmethod 1543 0x000002f29398b950 code [0x000002f29398bac0, 0x000002f29398bc30]

GC Heap History (8 events):
Event: 3.130 GC heap before
{Heap before GC invocations=1 (full 0):
 PSYoungGen      total 76288K, used 19590K [0x000000076b500000, 0x0000000770a00000, 0x00000007c0000000)
  eden space 65536K, 29% used [0x000000076b500000,0x000000076c8218a0,0x000000076f500000)
  from space 10752K, 0% used [0x000000076ff80000,0x000000076ff80000,0x0000000770a00000)
  to   space 10752K, 0% used [0x000000076f500000,0x000000076f500000,0x000000076ff80000)
 ParOldGen       total 175104K, used 0K [0x00000006c1e00000, 0x00000006cc900000, 0x000000076b500000)
  object space 175104K, 0% used [0x00000006c1e00000,0x00000006c1e00000,0x00000006cc900000)
 Metaspace       used 13636K, capacity 13826K, committed 14208K, reserved 1060864K
  class space    used 1703K, capacity 1814K, committed 1920K, reserved 1048576K
Event: 3.139 GC heap after
Heap after GC invocations=1 (full 0):
 PSYoungGen      total 76288K, used 10737K [0x000000076b500000, 0x0000000770a00000, 0x00000007c0000000)
  eden space 65536K, 0% used [0x000000076b500000,0x000000076b500000,0x000000076f500000)
  from space 10752K, 99% used [0x000000076f500000,0x000000076ff7c470,0x000000076ff80000)
  to   space 10752K, 0% used [0x000000076ff80000,0x000000076ff80000,0x0000000770a00000)
 ParOldGen       total 175104K, used 400K [0x00000006c1e00000, 0x00000006cc900000, 0x000000076b500000)
  object space 175104K, 0% used [0x00000006c1e00000,0x00000006c1e64300,0x00000006cc900000)
 Metaspace       used 13636K, capacity 13826K, committed 14208K, reserved 1060864K
  class space    used 1703K, capacity 1814K, committed 1920K, reserved 1048576K
}
Event: 3.139 GC heap before
{Heap before GC invocations=2 (full 1):
 PSYoungGen      total 76288K, used 10737K [0x000000076b500000, 0x0000000770a00000, 0x00000007c0000000)
  eden space 65536K, 0% used [0x000000076b500000,0x000000076b500000,0x000000076f500000)
  from space 10752K, 99% used [0x000000076f500000,0x000000076ff7c470,0x000000076ff80000)
  to   space 10752K, 0% used [0x000000076ff80000,0x000000076ff80000,0x0000000770a00000)
 ParOldGen       total 175104K, used 400K [0x00000006c1e00000, 0x00000006cc900000, 0x000000076b500000)
  object space 175104K, 0% used [0x00000006c1e00000,0x00000006c1e64300,0x00000006cc900000)
 Metaspace       used 13636K, capacity 13826K, committed 14208K, reserved 1060864K
  class space    used 1703K, capacity 1814K, committed 1920K, reserved 1048576K
Event: 3.156 GC heap after
Heap after GC invocations=2 (full 1):
 PSYoungGen      total 76288K, used 0K [0x000000076b500000, 0x0000000770a00000, 0x00000007c0000000)
  eden space 65536K, 0% used [0x000000076b500000,0x000000076b500000,0x000000076f500000)
  from space 10752K, 0% used [0x000000076f500000,0x000000076f500000,0x000000076ff80000)
  to   space 10752K, 0% used [0x000000076ff80000,0x000000076ff80000,0x0000000770a00000)
 ParOldGen       total 175104K, used 5395K [0x00000006c1e00000, 0x00000006cc900000, 0x000000076b500000)
  object space 175104K, 3% used [0x00000006c1e00000,0x00000006c2344c30,0x00000006cc900000)
 Metaspace       used 13636K, capacity 13826K, committed 14208K, reserved 1060864K
  class space    used 1703K, capacity 1814K, committed 1920K, reserved 1048576K
}
Event: 3.157 GC heap before
{Heap before GC invocations=3 (full 1):
 PSYoungGen      total 76288K, used 0K [0x000000076b500000, 0x0000000770a00000, 0x00000007c0000000)
  eden space 65536K, 0% used [0x000000076b500000,0x000000076b500000,0x000000076f500000)
  from space 10752K, 0% used [0x000000076f500000,0x000000076f500000,0x000000076ff80000)
  to   space 10752K, 0% used [0x000000076ff80000,0x000000076ff80000,0x0000000770a00000)
 ParOldGen       total 175104K, used 5395K [0x00000006c1e00000, 0x00000006cc900000, 0x000000076b500000)
  object space 175104K, 3% used [0x00000006c1e00000,0x00000006c2344c30,0x00000006cc900000)
 Metaspace       used 13636K, capacity 13826K, committed 14208K, reserved 1060864K
  class space    used 1703K, capacity 1814K, committed 1920K, reserved 1048576K
Event: 3.158 GC heap after
Heap after GC invocations=3 (full 1):
 PSYoungGen      total 76288K, used 0K [0x000000076b500000, 0x0000000770a00000, 0x00000007c0000000)
  eden space 65536K, 0% used [0x000000076b500000,0x000000076b500000,0x000000076f500000)
  from space 10752K, 0% used [0x000000076ff80000,0x000000076ff80000,0x0000000770a00000)
  to   space 10752K, 0% used [0x000000076f500000,0x000000076f500000,0x000000076ff80000)
 ParOldGen       total 175104K, used 5395K [0x00000006c1e00000, 0x00000006cc900000, 0x000000076b500000)
  object space 175104K, 3% used [0x00000006c1e00000,0x00000006c2344c30,0x00000006cc900000)
 Metaspace       used 13636K, capacity 13826K, committed 14208K, reserved 1060864K
  class space    used 1703K, capacity 1814K, committed 1920K, reserved 1048576K
}
Event: 3.158 GC heap before
{Heap before GC invocations=4 (full 2):
 PSYoungGen      total 76288K, used 0K [0x000000076b500000, 0x0000000770a00000, 0x00000007c0000000)
  eden space 65536K, 0% used [0x000000076b500000,0x000000076b500000,0x000000076f500000)
  from space 10752K, 0% used [0x000000076ff80000,0x000000076ff80000,0x0000000770a00000)
  to   space 10752K, 0% used [0x000000076f500000,0x000000076f500000,0x000000076ff80000)
 ParOldGen       total 175104K, used 5395K [0x00000006c1e00000, 0x00000006cc900000, 0x000000076b500000)
  object space 175104K, 3% used [0x00000006c1e00000,0x00000006c2344c30,0x00000006cc900000)
 Metaspace       used 13636K, capacity 13826K, committed 14208K, reserved 1060864K
  class space    used 1703K, capacity 1814K, committed 1920K, reserved 1048576K
Event: 3.171 GC heap after
Heap after GC invocations=4 (full 2):
 PSYoungGen      total 76288K, used 0K [0x000000076b500000, 0x0000000770a00000, 0x00000007c0000000)
  eden space 65536K, 0% used [0x000000076b500000,0x000000076b500000,0x000000076f500000)
  from space 10752K, 0% used [0x000000076ff80000,0x000000076ff80000,0x0000000770a00000)
  to   space 10752K, 0% used [0x000000076f500000,0x000000076f500000,0x000000076ff80000)
 ParOldGen       total 175104K, used 5395K [0x00000006c1e00000, 0x00000006cc900000, 0x000000076b500000)
  object space 175104K, 3% used [0x00000006c1e00000,0x00000006c2344c10,0x00000006cc900000)
 Metaspace       used 13636K, capacity 13826K, committed 14208K, reserved 1060864K
  class space    used 1703K, capacity 1814K, committed 1920K, reserved 1048576K
}

Deoptimization events (9 events):
Event: 0.194 Thread 0x000002f291bf1000 Uncommon trap: reason=unstable_if action=reinterpret pc=0x000002f2935d0c08 method=java.lang.String.hashCode()I @ 14
Event: 0.407 Thread 0x000002f291bf1000 Uncommon trap: reason=unstable_if action=reinterpret pc=0x000002f2935da3a4 method=java.lang.String.indexOf(II)I @ 49
Event: 0.574 Thread 0x000002f2aee3d800 Uncommon trap: reason=unstable_if action=reinterpret pc=0x000002f293685e9c method=java.lang.String.startsWith(Ljava/lang/String;I)Z @ 25
Event: 0.914 Thread 0x000002f2aee3d800 Uncommon trap: reason=class_check action=maybe_recompile pc=0x000002f293687510 method=java.lang.String.equals(Ljava/lang/Object;)Z @ 8
Event: 0.914 Thread 0x000002f2aee3d800 Uncommon trap: reason=class_check action=maybe_recompile pc=0x000002f293687510 method=java.lang.String.equals(Ljava/lang/Object;)Z @ 8
Event: 0.914 Thread 0x000002f2aee3d800 Uncommon trap: reason=class_check action=maybe_recompile pc=0x000002f293687510 method=java.lang.String.equals(Ljava/lang/Object;)Z @ 8
Event: 0.915 Thread 0x000002f2aee3d800 Uncommon trap: reason=class_check action=maybe_recompile pc=0x000002f293687510 method=java.lang.String.equals(Ljava/lang/Object;)Z @ 8
Event: 3.941 Thread 0x000002f2af135800 Uncommon trap: reason=bimorphic action=maybe_recompile pc=0x000002f29394fc54 method=java.util.regex.Pattern$Start.match(Ljava/util/regex/Matcher;ILjava/lang/CharSequence;)Z @ 44
Event: 4.154 Thread 0x000002f2af135800 Uncommon trap: reason=unstable_if action=reinterpret pc=0x000002f293987e88 method=java.lang.Integer.equals(Ljava/lang/Object;)Z @ 18

Classes redefined (0 events):
No events

Internal exceptions (10 events):
Event: 0.443 Thread 0x000002f291bf1000 Exception <a 'java/lang/NoSuchFieldError': method resolution failed> (0x000000076bc29808) thrown at [C:\cygwin64\tmp\openjdk-jdk8u-windows-x64-hotspot\workspace\build\src\hotspot\src\share\vm\prims\methodHandles.cpp, line 1167]
Event: 0.478 Thread 0x000002f291bf1000 Exception <a 'java/lang/ClassNotFoundException': sun/dc/DuctusRenderingEngine> (0x000000076bcb2170) thrown at [C:\cygwin64\tmp\openjdk-jdk8u-windows-x64-hotspot\workspace\build\src\hotspot\src\share\vm\classfile\systemDictionary.cpp, line 210]
Event: 0.534 Thread 0x000002f2aee3d800 Exception <a 'java/io/FileNotFoundException'> (0x000000076bf6cee0) thrown at [C:\cygwin64\tmp\openjdk-jdk8u-windows-x64-hotspot\workspace\build\src\hotspot\src\share\vm\prims\jni.cpp, line 710]
Event: 0.585 Thread 0x000002f2aee3d800 Exception <a 'java/lang/NoClassDefFoundError'> (0x000000076c008700) thrown at [C:\cygwin64\tmp\openjdk-jdk8u-windows-x64-hotspot\workspace\build\src\hotspot\src\share\vm\prims\jvm.cpp, line 1506]
Event: 3.711 Thread 0x000002f2af135800 Exception <a 'java/security/PrivilegedActionException'> (0x000000076c8a6148) thrown at [C:\cygwin64\tmp\openjdk-jdk8u-windows-x64-hotspot\workspace\build\src\hotspot\src\share\vm\prims\jvm.cpp, line 1502]
Event: 3.711 Thread 0x000002f2af135800 Exception <a 'java/security/PrivilegedActionException'> (0x000000076c8a7cb8) thrown at [C:\cygwin64\tmp\openjdk-jdk8u-windows-x64-hotspot\workspace\build\src\hotspot\src\share\vm\prims\jvm.cpp, line 1502]
Event: 3.711 Thread 0x000002f2af135800 Exception <a 'java/security/PrivilegedActionException'> (0x000000076c8a8dd8) thrown at [C:\cygwin64\tmp\openjdk-jdk8u-windows-x64-hotspot\workspace\build\src\hotspot\src\share\vm\prims\jvm.cpp, line 1502]
Event: 3.712 Thread 0x000002f2af135800 Exception <a 'java/security/PrivilegedActionException'> (0x000000076c8adef8) thrown at [C:\cygwin64\tmp\openjdk-jdk8u-windows-x64-hotspot\workspace\build\src\hotspot\src\share\vm\prims\jvm.cpp, line 1502]
Event: 3.712 Thread 0x000002f2af135800 Exception <a 'java/security/PrivilegedActionException'> (0x000000076c8aeb50) thrown at [C:\cygwin64\tmp\openjdk-jdk8u-windows-x64-hotspot\workspace\build\src\hotspot\src\share\vm\prims\jvm.cpp, line 1502]
Event: 3.712 Thread 0x000002f2af135800 Exception <a 'java/security/PrivilegedActionException'> (0x000000076c8af778) thrown at [C:\cygwin64\tmp\openjdk-jdk8u-windows-x64-hotspot\workspace\build\src\hotspot\src\share\vm\prims\jvm.cpp, line 1502]

Events (10 events):
Event: 4.162 loading class com/jme3/bullet/collision/shapes/infos/ChildCollisionShape
Event: 4.162 loading class com/jme3/bullet/collision/shapes/infos/ChildCollisionShape done
Event: 4.163 loading class com/jme3/bullet/joints/New6Dof
Event: 4.163 loading class com/jme3/bullet/joints/New6Dof done
Event: 4.163 loading class com/jme3/bullet/joints/Constraint
Event: 4.163 loading class com/jme3/bullet/joints/Constraint done
Event: 4.164 loading class com/jme3/bullet/joints/PhysicsJoint
Event: 4.164 loading class com/jme3/bullet/joints/PhysicsJoint done
Event: 4.165 loading class com/jme3/bullet/RotationOrder
Event: 4.165 loading class com/jme3/bullet/RotationOrder done


Dynamic libraries:
0x00007ff6b28b0000 - 0x00007ff6b28ea000 	C:\jmonkeyplatform\jdk\bin\java.exe
0x00007ff8411e0000 - 0x00007ff8413c1000 	C:\Windows\SYSTEM32\ntdll.dll
0x00007ff83e930000 - 0x00007ff83e9e1000 	C:\Windows\System32\KERNEL32.DLL
0x00007ff83e2d0000 - 0x00007ff83e543000 	C:\Windows\System32\KERNELBASE.dll
0x00007ff83eca0000 - 0x00007ff83ed41000 	C:\Windows\System32\ADVAPI32.dll
0x00007ff840500000 - 0x00007ff84059e000 	C:\Windows\System32\msvcrt.dll
0x00007ff83ed50000 - 0x00007ff83edab000 	C:\Windows\System32\sechost.dll
0x00007ff840fb0000 - 0x00007ff8410d4000 	C:\Windows\System32\RPCRT4.dll
0x00007ff840360000 - 0x00007ff8404f0000 	C:\Windows\System32\USER32.dll
0x00007ff83e640000 - 0x00007ff83e660000 	C:\Windows\System32\win32u.dll
0x00007ff83e830000 - 0x00007ff83e858000 	C:\Windows\System32\GDI32.dll
0x00007ff83e130000 - 0x00007ff83e2c1000 	C:\Windows\System32\gdi32full.dll
0x00007ff83e5a0000 - 0x00007ff83e63f000 	C:\Windows\System32\msvcp_win.dll
0x00007ff83d5a0000 - 0x00007ff83d698000 	C:\Windows\System32\ucrtbase.dll
0x00007ff8196f0000 - 0x00007ff819959000 	C:\Windows\WinSxS\amd64_microsoft.windows.common-controls_6595b64144ccf1df_6.0.17134.1365_none_d401d10f7c8e8b9b\COMCTL32.dll
0x00007ff840c80000 - 0x00007ff840fa1000 	C:\Windows\System32\combase.dll
0x00007ff83e0b0000 - 0x00007ff83e129000 	C:\Windows\System32\bcryptPrimitives.dll
0x00007ff83ea80000 - 0x00007ff83eaad000 	C:\Windows\System32\IMM32.DLL
0x000002f291b70000 - 0x000002f291b82000 	C:\Windows\System32\umppc11304.dll
0x00007ff81fde0000 - 0x00007ff81fecf000 	C:\jmonkeyplatform\jdk\jre\bin\msvcr120.dll
0x00007ff828ab0000 - 0x00007ff828b56000 	C:\jmonkeyplatform\jdk\jre\bin\msvcp120.dll
0x000000006b5c0000 - 0x000000006bdbb000 	C:\jmonkeyplatform\jdk\jre\bin\server\jvm.dll
0x00007ff83e9f0000 - 0x00007ff83e9f8000 	C:\Windows\System32\PSAPI.DLL
0x00007ff820570000 - 0x00007ff820579000 	C:\Windows\SYSTEM32\WSOCK32.dll
0x00007ff83ec30000 - 0x00007ff83ec9c000 	C:\Windows\System32\WS2_32.dll
0x00007ff83b2f0000 - 0x00007ff83b313000 	C:\Windows\SYSTEM32\WINMM.dll
0x00007ff83d2f0000 - 0x00007ff83d2fa000 	C:\Windows\SYSTEM32\VERSION.dll
0x00007ff83b2c0000 - 0x00007ff83b2ea000 	C:\Windows\SYSTEM32\WINMMBASE.dll
0x00007ff83e550000 - 0x00007ff83e599000 	C:\Windows\System32\cfgmgr32.dll
0x00007ff83b3a0000 - 0x00007ff83b3af000 	C:\jmonkeyplatform\jdk\jre\bin\verify.dll
0x00007ff83a6d0000 - 0x00007ff83a6f8000 	C:\jmonkeyplatform\jdk\jre\bin\java.dll
0x00007ff838ac0000 - 0x00007ff838ad6000 	C:\jmonkeyplatform\jdk\jre\bin\zip.dll
0x00007ff83edb0000 - 0x00007ff8401f5000 	C:\Windows\System32\SHELL32.dll
0x00007ff83e660000 - 0x00007ff83e709000 	C:\Windows\System32\shcore.dll
0x00007ff83d6a0000 - 0x00007ff83ddb0000 	C:\Windows\System32\windows.storage.dll
0x00007ff83e8d0000 - 0x00007ff83e921000 	C:\Windows\System32\shlwapi.dll
0x00007ff83d540000 - 0x00007ff83d551000 	C:\Windows\System32\kernel.appcore.dll
0x00007ff83d560000 - 0x00007ff83d57f000 	C:\Windows\System32\profapi.dll
0x00007ff83d4f0000 - 0x00007ff83d53c000 	C:\Windows\System32\powrprof.dll
0x00007ff83d4e0000 - 0x00007ff83d4ea000 	C:\Windows\System32\FLTLIB.DLL
0x00007ff828b60000 - 0x00007ff828cf5000 	C:\jmonkeyplatform\jdk\jre\bin\awt.dll
0x00007ff8410e0000 - 0x00007ff8411a2000 	C:\Windows\System32\OLEAUT32.dll
0x00007ff83af10000 - 0x00007ff83af9b000 	C:\Windows\SYSTEM32\apphelp.dll
0x00007ff83b780000 - 0x00007ff83b818000 	C:\Windows\system32\uxtheme.dll
0x00007ff83eab0000 - 0x00007ff83ec23000 	C:\Windows\System32\MSCTF.dll
0x00007ff83b860000 - 0x00007ff83b889000 	C:\Windows\system32\dwmapi.dll
0x00007ff840200000 - 0x00007ff840351000 	C:\Windows\System32\ole32.dll
0x00007ff8223a0000 - 0x00007ff8224c0000 	C:\Windows\system32\opengl32.dll
0x00007ff821c50000 - 0x00007ff821c7c000 	C:\Windows\SYSTEM32\GLU32.dll
0x00007ff821a40000 - 0x00007ff821ad3000 	C:\jmonkeyplatform\jdk\jre\bin\freetype.dll
0x00007ff8114f0000 - 0x00007ff8115ac000 	C:\jmonkeyplatform\jdk\jre\bin\fontmanager.dll
0x00007ff838aa0000 - 0x00007ff838aba000 	C:\jmonkeyplatform\jdk\jre\bin\net.dll
0x00007ff8282f0000 - 0x00007ff8284bb000 	C:\Windows\SYSTEM32\urlmon.dll
0x00007ff828530000 - 0x00007ff8287d7000 	C:\Windows\SYSTEM32\iertutil.dll
0x00007ff83d290000 - 0x00007ff83d29b000 	C:\Windows\SYSTEM32\CRYPTBASE.DLL
0x00007ff83ccb0000 - 0x00007ff83cd16000 	C:\Windows\system32\mswsock.dll
0x00007ff828d00000 - 0x00007ff828d12000 	C:\jmonkeyplatform\jdk\jre\bin\nio.dll
0x00007ff81de60000 - 0x00007ff81def6000 	C:\Windows\System32\TextInputFramework.dll
0x00007ff8365b0000 - 0x00007ff8368ce000 	C:\Windows\System32\CoreUIComponents.dll
0x00007ff83a900000 - 0x00007ff83a9da000 	C:\Windows\System32\CoreMessaging.dll
0x00007ff83c520000 - 0x00007ff83c551000 	C:\Windows\SYSTEM32\ntmarta.dll
0x00007ff838ee0000 - 0x00007ff83902d000 	C:\Windows\SYSTEM32\wintypes.dll
0x00007fffc9700000 - 0x00007fffc9dbc000 	C:\jmonkeyp\MJTest\bulletjme.dll
0x000002f2b1f30000 - 0x000002f2b1f94000 	C:\jmonkeyp\MJTest\OpenAL64.dll
0x000002f2b1ff0000 - 0x000002f2b2043000 	C:\jmonkeyp\MJTest\lwjgl64.dll
0x00007ffff4af0000 - 0x00007ffff5a07000 	C:\Windows\System32\DriverStore\FileRepository\iigd_dch.inf_amd64_cbd42a415845f91a\ig9icd64.dll
0x00007ff83c220000 - 0x00007ff83c2db000 	C:\Windows\system32\dxgi.dll
0x00007ff832e90000 - 0x00007ff833034000 	C:\Windows\System32\DriverStore\FileRepository\iigd_dch.inf_amd64_cbd42a415845f91a\igdgmm64.dll
0x00007ff809e90000 - 0x00007ff809f38000 	C:\Windows\SYSTEM32\mscms.dll
0x00007ff83d3e0000 - 0x00007ff83d408000 	C:\Windows\SYSTEM32\USERENV.dll
0x00007ff80c3d0000 - 0x00007ff80c3e0000 	C:\Windows\SYSTEM32\ColorAdapterClient.dll
0x00007ff8289c0000 - 0x00007ff828a03000 	C:\Windows\SYSTEM32\icm32.dll
0x00007ffff98a0000 - 0x00007ffff9bfb000 	C:\Windows\System32\DriverStore\FileRepository\iigd_dch.inf_amd64_cbd42a415845f91a\igdml64.dll
0x00007ff82fbd0000 - 0x00007ff8321d4000 	C:\Windows\System32\DriverStore\FileRepository\iigd_dch.inf_amd64_cbd42a415845f91a\igc64.dll
0x00007ff83e730000 - 0x00007ff83e7d0000 	C:\Windows\System32\clbcatq.dll
0x00007ff834100000 - 0x00007ff834176000 	C:\Windows\System32\MMDevApi.dll
0x00007ff83d2a0000 - 0x00007ff83d2c7000 	C:\Windows\System32\DEVOBJ.dll
0x00007ff83b100000 - 0x00007ff83b2b5000 	C:\Windows\System32\PROPSYS.dll
0x00007ffffb7c0000 - 0x00007ffffb84f000 	C:\Windows\SYSTEM32\dsound.dll
0x00007ff828050000 - 0x00007ff82817c000 	C:\Windows\SYSTEM32\AUDIOSES.DLL
0x00007ff837bb0000 - 0x00007ff837bba000 	C:\Windows\SYSTEM32\AVRT.dll
0x00007ff821a10000 - 0x00007ff821a3a000 	C:\jmonkeyplatform\jdk\jre\bin\jpeg.dll
0x00007ff823d40000 - 0x00007ff823d7e000 	C:\jmonkeyplatform\jdk\jre\bin\lcms.dll

VM Arguments:
jvm_args: -Dfile.encoding=UTF-8 
java_command: mygame.MJEnvironmentMain
java_class_path (initial): C:\jmonkeyp\MJTest\libs\Heart-5.4.0.jar;C:\jmonkeyp\MJTest\libs\core.jar;C:\jmonkeyp\MJTest\libs\decimal4j-1.0.3.jar;C:\jmonkeyp\MJTest\libs\dense64.jar;C:\jmonkeyp\MJTest\libs\denseC64.jar;C:\jmonkeyp\MJTest\libs\gluegen-rt-main.jar;C:\jmonkeyp\MJTest\libs\gluegen-rt-natives-android-aarch64.jar;C:\jmonkeyp\MJTest\libs\gluegen-rt-natives-android-armv6.jar;C:\jmonkeyp\MJTest\libs\Minie-1.7.0+debug.jar;C:\jmonkeyp\MJTest\libs\gluegen-rt-natives-linux-amd64.jar;C:\jmonkeyp\MJTest\libs\gluegen-rt-natives-linux-armv6.jar;C:\jmonkeyp\MJTest\libs\gluegen-rt-natives-linux-armv6hf.jar;C:\jmonkeyp\MJTest\libs\gluegen-rt-natives-linux-i586.jar;C:\jmonkeyp\MJTest\libs\gluegen-rt-natives-macosx-universal.jar;C:\jmonkeyp\MJTest\libs\gluegen-rt-natives-solaris-amd64.jar;C:\jmonkeyp\MJTest\libs\gluegen-rt-natives-solaris-i586.jar;C:\jmonkeyp\MJTest\libs\gluegen-rt-natives-windows-amd64.jar;C:\jmonkeyp\MJTest\libs\gluegen-rt-natives-windows-i586.jar;C:\jmonkeyp\MJTest\libs\gluegen-rt.jar;C:\jmonkeyp\MJTest\libs\gson.jar;C:\jmonkeyp\MJTest\libs\jinput-platform-natives-linux.jar;C:\jmonkeyp\MJTest\libs\jinput-platform-natives-osx.jar;C:\jmonkeyp\MJTest\libs\jinput-platform-natives-windows.jar;C:\jmonkeyp\MJTest\libs\jinput.jar;C:\jmonkeyp\MJTest\libs\jme3-blender.jar;C:\jmonkeyp\MJTest\libs\jme3-bullet-native.jar;C:\jmonkeyp\MJTest\libs\jme3-bullet.jar;C:\jmonkeyp\MJTest\libs\jme3-core.jar;C:\jmonkeyp\MJTest\libs\jme3-desktop.jar;C:\jmonkeyp\MJTest\libs\jme3-effects.jar;C:\jmonkeyp\MJTest\libs\jme3-jogg.jar;C:\jmonkeyp\MJTest\libs\jme3-jogl.jar;C:\jmonkeyp\MJTest\libs\jme3-lwjgl.jar;C:\jmonkeyp\MJTest\libs\jme3-networking.jar;C:\jmonkeyp\MJTest\libs\jme3-niftygui.jar;C:\jmonkeyp\MJTest\libs\jme3-plugins.jar;C:\jmonkeyp\MJTest\libs\jme3-terrain.jar;C:\jmonkeyp\MJTest\libs\jme3-testdata.jar;C:\jmonkeyp\MJTest\libs\joal.jar;C:\jmonkeyp\MJTest\libs\j-ogg-all.jar;C:\jmonkeyp\MJTest\libs\joal-main.jar;C:\jmonkeyp\MJTest\libs\joal-natives-android-aarch64.jar;C:\j
Launcher Type: SUN_STANDARD

Environment Variables:
PATH=C:\Program Files (x86)\Common Files\Oracle\Java\javapath;C:\Windows\system32;C:\Windows;C:\Windows\System32\Wbem;C:\Windows\System32\WindowsPowerShell\v1.0\;C:\Windows\System32\OpenSSH\;C:\Program Files (x86)\Intel\Intel(R) Management Engine Components\DAL;C:\Program Files\Intel\Intel(R) Management Engine Components\DAL;C:\Program Files\dotnet\;C:\Program Files\Microsoft SQL Server\130\Tools\Binn\;C:\Users\cristian.villalba\AppData\Roaming\nvm;C:\Program Files\nodejs;c:\wspan\swgw;C:\Program Files\Intel\WiFi\bin\;C:\Program Files\Common Files\Intel\WirelessCommon\;C:\Users\cristian.villalba\AppData\Roaming\Python\Python37\Scripts;C:\ProgramData\chocolatey\bin;C:\Program Files\Git\cmd;C:\Program Files\Microsoft SQL Server\Client SDK\ODBC\170\Tools\Binn\;C:\Program Files\Microsoft SQL Server\Client SDK\ODBC\110\Tools\Binn\;c:\ffmpeg\bin\;C:\Program Files (x86)\Windows Kits\10\Windows Performance Toolkit\;C:\Program Files (x86)\Windows Live\Shared;C:\Users\cristian.villalba\AppData\Local\Microsoft\WindowsApps;C:\Users\cristian.villalba\AppData\Roaming\nvm;C:\Program Files\nodejs;C:\Users\cristian.villalba\AppData\Local\Programs\Microsoft VS Code\bin;C:\fp\swdir
USERNAME=Cristian.Villalba
OS=Windows_NT
PROCESSOR_IDENTIFIER=Intel64 Family 6 Model 142 Stepping 10, GenuineIntel



---------------  S Y S T E M  ---------------

OS: Windows 10.0 , 64 bit Build 17134 (10.0.17134.753)

CPU:total 8 (initial active 8) (4 cores per cpu, 2 threads per core) family 6 model 142 stepping 10, cmov, cx8, fxsr, mmx, sse, sse2, sse3, ssse3, sse4.1, sse4.2, popcnt, avx, avx2, aes, clmul, erms, rtm, 3dnowpref, lzcnt, ht, tsc, tscinvbit, bmi1, bmi2, adx

Memory: 4k page, physical 16653484k(8467952k free), swap 19143852k(7711636k free)

vm_info: OpenJDK 64-Bit Server VM (25.212-b04) for windows-amd64 JRE (1.8.0_212-b04), built on Jun  3 2019 21:11:11 by "jenkins" with MS VC++ 12.0 (VS2013)

time: Tue Jun 09 17:18:07 2020
timezone: Argentina Standard Time
elapsed time: 4 seconds (0d 0h 0m 4s)

